<?xml version="1.0" encoding="UTF-8"?>
<!-- Generated by org.testng.reporters.JUnitXMLReporter -->
<testsuite ignored="3" hostname="DESKTOP-8DL5CMK" failures="0" tests="12" name="Default test" time="216.063" errors="0" timestamp="2022-02-18T15:57:36 IST">
  <testcase classname="Script.scenarios_User" name="MakeOrderFromBanner" time="0.014"/>
  <testcase classname="Script.scenarios_User" name="MakeOrderFromCart" time="0.002"/>
  <testcase classname="Script.scenarios_User" name="MakeOrderFromCategories" time="0.007"/>
  <testcase classname="Script.scenarios_User" name="OrderHistory" time="0.002"/>
  <testcase classname="Script.scenarios_User" name="Profile" time="0.004"/>
  <testcase classname="Script.scenarios_User" name="TestInt" time="0.03"/>
  <testcase classname="Script.scenarios_User" name="TrackingStatus" time="0.001"/>
  <testcase classname="Script.scenarios_User" name="TransactionStatus" time="0.002"/>
  <testcase classname="Script.scenarios_User" name="MakeOrder_AllCustomozation1portion_CurrentLocation" time="168.088"/>
  <testcase classname="Script.scenarios_User" name="CancelRequestByUser" time="18.496"/>
  <testcase classname="Script.scenarios_User" name="Check_Transaction" time="4.452"/>
  <testcase classname="Script.scenarios_User" name="Order_History" time="10.353"/>
  <testcase classname="Script.scenarios_User" name="Rider_Delivered" time="0.0">
    <ignored/>
  </testcase> <!-- Rider_Delivered -->
  <testcase classname="Script.scenarios_User" name="MakeOrder_1C1P_CurrentLocation" time="0.0">
    <ignored/>
  </testcase> <!-- MakeOrder_1C1P_CurrentLocation -->
  <testcase classname="Script.scenarios_User" name="DispatchOrder" time="0.0">
    <ignored/>
  </testcase> <!-- DispatchOrder -->
</testsuite> <!-- Default test -->
