<?xml version="1.0" encoding="UTF-8"?>
<testng-results ignored="0" total="2" passed="2" failed="0" skipped="0">
  <reporter-output>
  </reporter-output>
  <suite started-at="2022-01-04T16:58:35 IST" name="Default suite" finished-at="2022-01-04T17:03:09 IST" duration-ms="273816">
    <groups>
    </groups>
    <test started-at="2022-01-04T16:58:35 IST" name="Default test" finished-at="2022-01-04T17:03:09 IST" duration-ms="273816">
      <class name="Script.scenarios_User">
        <test-method is-config="true" signature="SetUp()[pri:0, instance:Script.scenarios_User@2eae8e6e]" started-at="2022-01-04T16:58:35 IST" name="SetUp" finished-at="2022-01-04T16:58:49 IST" duration-ms="13436" status="PASS">
          <reporter-output>
          </reporter-output>
        </test-method> <!-- SetUp -->
        <test-method signature="MakeOrder()[pri:1, instance:Script.scenarios_User@2eae8e6e]" started-at="2022-01-04T16:58:49 IST" name="MakeOrder" finished-at="2022-01-04T17:02:07 IST" duration-ms="198317" status="PASS">
          <reporter-output>
          </reporter-output>
        </test-method> <!-- MakeOrder -->
        <test-method signature="DispatchOrder()[pri:2, instance:Script.scenarios_User@2eae8e6e]" started-at="2022-01-04T17:02:07 IST" name="DispatchOrder" finished-at="2022-01-04T17:03:09 IST" duration-ms="62009" status="PASS">
          <reporter-output>
          </reporter-output>
        </test-method> <!-- DispatchOrder -->
        <test-method is-config="true" signature="Quit()[pri:0, instance:Script.scenarios_User@2eae8e6e]" started-at="2022-01-04T17:03:09 IST" name="Quit" finished-at="2022-01-04T17:03:09 IST" duration-ms="0" status="PASS">
          <reporter-output>
          </reporter-output>
        </test-method> <!-- Quit -->
      </class> <!-- Script.scenarios_User -->
    </test> <!-- Default test -->
  </suite> <!-- Default suite -->
</testng-results>
